 ---------------------------------------------------------------------------------------------------------------------------------- 
|                                             Memory report for: 05/16/2007 13:18:04                                               |
 ---------------------------------------------------------------------------------------------------------------------------------- 


 ---------------------------------------------------------------------------------------------------------------------------------- 
|                                                           T O T A L S                                                            |
 ---------------------------------------------------------------------------------------------------------------------------------- 
              Allocation unit count:          0
            Reported to application:          0 bytes     
         Actual total memory in use:          0 bytes     
           Memory tracking overhead:          0 bytes     

 ---------------------------------------------------------------------------------------------------------------------------------- 
|                                                            P E A K S                                                             |
 ---------------------------------------------------------------------------------------------------------------------------------- 
              Allocation unit count:      1,201
            Reported to application:     36,393 (  35.54K)
                             Actual:     74,825 (  73.07K)
           Memory tracking overhead:     38,432 (  37.53K)

 ---------------------------------------------------------------------------------------------------------------------------------- 
|                                                      A C C U M U L A T E D                                                       |
 ---------------------------------------------------------------------------------------------------------------------------------- 
              Allocation unit count:      3,494 (   3.41K)
            Reported to application:    104,217 ( 101.77K)
                             Actual:    216,025 ( 210.96K)

 ---------------------------------------------------------------------------------------------------------------------------------- 
|                                                           U N U S E D                                                            |
 ---------------------------------------------------------------------------------------------------------------------------------- 
    Memory allocated but not in use:          0 bytes     

Alloc.   Addr       Size       Addr       Size                        BreakOn BreakOn              
Number Reported   Reported    Actual     Actual     Unused    Method  Dealloc Realloc Allocated by 
------ ---------- ---------- ---------- ---------- ---------- -------- ------- ------- --------------------------------------------------- 
